This is pdfTeX, Version 3.141592653-2.6-1.40.24 (TeX Live 2022) (preloaded format=pdflatex 2022.11.13)  28 APR 2025 20:49
entering extended mode
 restricted \write18 enabled.
 file:line:error style messages enabled.
 %&-line parsing enabled.
**/Users/camilonunez/Desktop/Internship-2025/reinforcement-learning-an-introduction-2/chapter05/exercises5.tex
(/Users/camilonunez/Desktop/Internship-2025/reinforcement-learning-an-introduction-2/chapter05/exercises5.tex
LaTeX2e <2021-11-15> patch level 1
L3 programming layer <2022-02-24> (/usr/local/texlive/2022/texmf-dist/tex/latex/base/article.cls
Document Class: article 2021/10/04 v1.4n Standard LaTeX document class
(/usr/local/texlive/2022/texmf-dist/tex/latex/base/size11.clo
File: size11.clo 2021/10/04 v1.4n Standard LaTeX file (size option)
)
\c@part=\count185
\c@section=\count186
\c@subsection=\count187
\c@subsubsection=\count188
\c@paragraph=\count189
\c@subparagraph=\count190
\c@figure=\count191
\c@table=\count192
\abovecaptionskip=\skip47
\belowcaptionskip=\skip48
\bibindent=\dimen138
) (/usr/local/texlive/2022/texmf-dist/tex/latex/amsmath/amsmath.sty
Package: amsmath 2021/10/15 v2.17l AMS math features
\@mathmargin=\skip49

For additional information on amsmath, use the `?' option.
(/usr/local/texlive/2022/texmf-dist/tex/latex/amsmath/amstext.sty
Package: amstext 2021/08/26 v2.01 AMS text
 (/usr/local/texlive/2022/texmf-dist/tex/latex/amsmath/amsgen.sty
File: amsgen.sty 1999/11/30 v2.0 generic functions
\@emptytoks=\toks16
\ex@=\dimen139
)) (/usr/local/texlive/2022/texmf-dist/tex/latex/amsmath/amsbsy.sty
Package: amsbsy 1999/11/29 v1.2d Bold Symbols
\pmbraise@=\dimen140
) (/usr/local/texlive/2022/texmf-dist/tex/latex/amsmath/amsopn.sty
Package: amsopn 2021/08/26 v2.02 operator names
)
\inf@bad=\count193
LaTeX Info: Redefining \frac on input line 234.
\uproot@=\count194
\leftroot@=\count195
LaTeX Info: Redefining \overline on input line 399.
\classnum@=\count196
\DOTSCASE@=\count197
LaTeX Info: Redefining \ldots on input line 496.
LaTeX Info: Redefining \dots on input line 499.
LaTeX Info: Redefining \cdots on input line 620.
\Mathstrutbox@=\box50
\strutbox@=\box51
\big@size=\dimen141
LaTeX Font Info:    Redeclaring font encoding OML on input line 743.
LaTeX Font Info:    Redeclaring font encoding OMS on input line 744.
\macc@depth=\count198
\c@MaxMatrixCols=\count199
\dotsspace@=\muskip16
\c@parentequation=\count266
\dspbrk@lvl=\count267
\tag@help=\toks17
\row@=\count268
\column@=\count269
\maxfields@=\count270
\andhelp@=\toks18
\eqnshift@=\dimen142
\alignsep@=\dimen143
\tagshift@=\dimen144
\tagwidth@=\dimen145
\totwidth@=\dimen146
\lineht@=\dimen147
\@envbody=\toks19
\multlinegap=\skip50
\multlinetaggap=\skip51
\mathdisplay@stack=\toks20
LaTeX Info: Redefining \[ on input line 2938.
LaTeX Info: Redefining \] on input line 2939.
) (/usr/local/texlive/2022/texmf-dist/tex/latex/graphics/graphicx.sty
Package: graphicx 2021/09/16 v1.2d Enhanced LaTeX Graphics (DPC,SPQR)
 (/usr/local/texlive/2022/texmf-dist/tex/latex/graphics/keyval.sty
Package: keyval 2014/10/28 v1.15 key=value parser (DPC)
\KV@toks@=\toks21
) (/usr/local/texlive/2022/texmf-dist/tex/latex/graphics/graphics.sty
Package: graphics 2021/03/04 v1.4d Standard LaTeX Graphics (DPC,SPQR)
 (/usr/local/texlive/2022/texmf-dist/tex/latex/graphics/trig.sty
Package: trig 2021/08/11 v1.11 sin cos tan (DPC)
) (/usr/local/texlive/2022/texmf-dist/tex/latex/graphics-cfg/graphics.cfg
File: graphics.cfg 2016/06/04 v1.11 sample graphics configuration
)
Package graphics Info: Driver file: pdftex.def on input line 107.
 (/usr/local/texlive/2022/texmf-dist/tex/latex/graphics-def/pdftex.def
File: pdftex.def 2020/10/05 v1.2a Graphics/color driver for pdftex
))
\Gin@req@height=\dimen148
\Gin@req@width=\dimen149
) (/usr/local/texlive/2022/texmf-dist/tex/latex/hyperref/hyperref.sty
Package: hyperref 2022-02-21 v7.00n Hypertext links for LaTeX
 (/usr/local/texlive/2022/texmf-dist/tex/generic/ltxcmds/ltxcmds.sty
Package: ltxcmds 2020-05-10 v1.25 LaTeX kernel commands for general use (HO)
) (/usr/local/texlive/2022/texmf-dist/tex/generic/iftex/iftex.sty
Package: iftex 2022/02/03 v1.0f TeX engine tests
) (/usr/local/texlive/2022/texmf-dist/tex/generic/pdftexcmds/pdftexcmds.sty
Package: pdftexcmds 2020-06-27 v0.33 Utility functions of pdfTeX for LuaTeX (HO)
 (/usr/local/texlive/2022/texmf-dist/tex/generic/infwarerr/infwarerr.sty
Package: infwarerr 2019/12/03 v1.5 Providing info/warning/error messages (HO)
)
Package pdftexcmds Info: \pdf@primitive is available.
Package pdftexcmds Info: \pdf@ifprimitive is available.
Package pdftexcmds Info: \pdfdraftmode found.
) (/usr/local/texlive/2022/texmf-dist/tex/generic/kvsetkeys/kvsetkeys.sty
Package: kvsetkeys 2019/12/15 v1.18 Key value parser (HO)
) (/usr/local/texlive/2022/texmf-dist/tex/generic/kvdefinekeys/kvdefinekeys.sty
Package: kvdefinekeys 2019-12-19 v1.6 Define keys (HO)
) (/usr/local/texlive/2022/texmf-dist/tex/generic/pdfescape/pdfescape.sty
Package: pdfescape 2019/12/09 v1.15 Implements pdfTeX's escape features (HO)
) (/usr/local/texlive/2022/texmf-dist/tex/latex/hycolor/hycolor.sty
Package: hycolor 2020-01-27 v1.10 Color options for hyperref/bookmark (HO)
) (/usr/local/texlive/2022/texmf-dist/tex/latex/letltxmacro/letltxmacro.sty
Package: letltxmacro 2019/12/03 v1.6 Let assignment for LaTeX macros (HO)
) (/usr/local/texlive/2022/texmf-dist/tex/latex/auxhook/auxhook.sty
Package: auxhook 2019-12-17 v1.6 Hooks for auxiliary files (HO)
) (/usr/local/texlive/2022/texmf-dist/tex/latex/kvoptions/kvoptions.sty
Package: kvoptions 2020-10-07 v3.14 Key value format for package options (HO)
)
\@linkdim=\dimen150
\Hy@linkcounter=\count271
\Hy@pagecounter=\count272
 (/usr/local/texlive/2022/texmf-dist/tex/latex/hyperref/pd1enc.def
File: pd1enc.def 2022-02-21 v7.00n Hyperref: PDFDocEncoding definition (HO)
Now handling font encoding PD1 ...
... no UTF-8 mapping file for font encoding PD1
) (/usr/local/texlive/2022/texmf-dist/tex/generic/intcalc/intcalc.sty
Package: intcalc 2019/12/15 v1.3 Expandable calculations with integers (HO)
) (/usr/local/texlive/2022/texmf-dist/tex/generic/etexcmds/etexcmds.sty
Package: etexcmds 2019/12/15 v1.7 Avoid name clashes with e-TeX commands (HO)
)
\Hy@SavedSpaceFactor=\count273
 (/usr/local/texlive/2022/texmf-dist/tex/latex/hyperref/puenc.def
File: puenc.def 2022-02-21 v7.00n Hyperref: PDF Unicode definition (HO)
Now handling font encoding PU ...
... no UTF-8 mapping file for font encoding PU
)
Package hyperref Info: Hyper figures OFF on input line 4137.
Package hyperref Info: Link nesting OFF on input line 4142.
Package hyperref Info: Hyper index ON on input line 4145.
Package hyperref Info: Plain pages OFF on input line 4152.
Package hyperref Info: Backreferencing OFF on input line 4157.
Package hyperref Info: Implicit mode ON; LaTeX internals redefined.
Package hyperref Info: Bookmarks ON on input line 4390.
\c@Hy@tempcnt=\count274
 (/usr/local/texlive/2022/texmf-dist/tex/latex/url/url.sty
\Urlmuskip=\muskip17
Package: url 2013/09/16  ver 3.4  Verb mode for urls, etc.
)
LaTeX Info: Redefining \url on input line 4749.
\XeTeXLinkMargin=\dimen151
 (/usr/local/texlive/2022/texmf-dist/tex/generic/bitset/bitset.sty
Package: bitset 2019/12/09 v1.3 Handle bit-vector datatype (HO)
 (/usr/local/texlive/2022/texmf-dist/tex/generic/bigintcalc/bigintcalc.sty
Package: bigintcalc 2019/12/15 v1.5 Expandable calculations on big integers (HO)
))
\Fld@menulength=\count275
\Field@Width=\dimen152
\Fld@charsize=\dimen153
Package hyperref Info: Hyper figures OFF on input line 6027.
Package hyperref Info: Link nesting OFF on input line 6032.
Package hyperref Info: Hyper index ON on input line 6035.
Package hyperref Info: backreferencing OFF on input line 6042.
Package hyperref Info: Link coloring OFF on input line 6047.
Package hyperref Info: Link coloring with OCG OFF on input line 6052.
Package hyperref Info: PDF/A mode OFF on input line 6057.
LaTeX Info: Redefining \ref on input line 6097.
LaTeX Info: Redefining \pageref on input line 6101.
 (/usr/local/texlive/2022/texmf-dist/tex/latex/base/atbegshi-ltx.sty
Package: atbegshi-ltx 2021/01/10 v1.0c Emulation of the original atbegshi
package with kernel methods
)
\Hy@abspage=\count276
\c@Item=\count277
\c@Hfootnote=\count278
)
Package hyperref Info: Driver (autodetected): hpdftex.
 (/usr/local/texlive/2022/texmf-dist/tex/latex/hyperref/hpdftex.def
File: hpdftex.def 2022-02-21 v7.00n Hyperref driver for pdfTeX
 (/usr/local/texlive/2022/texmf-dist/tex/latex/base/atveryend-ltx.sty
Package: atveryend-ltx 2020/08/19 v1.0a Emulation of the original atveryend package
with kernel methods
)
\Fld@listcount=\count279
\c@bookmark@seq@number=\count280
 (/usr/local/texlive/2022/texmf-dist/tex/latex/rerunfilecheck/rerunfilecheck.sty
Package: rerunfilecheck 2019/12/05 v1.9 Rerun checks for auxiliary files (HO)
 (/usr/local/texlive/2022/texmf-dist/tex/generic/uniquecounter/uniquecounter.sty
Package: uniquecounter 2019/12/15 v1.4 Provide unlimited unique counter (HO)
)
Package uniquecounter Info: New unique counter `rerunfilecheck' on input line 286.
)
\Hy@SectionHShift=\skip52
) (/usr/local/texlive/2022/texmf-dist/tex/latex/xcolor/xcolor.sty
Package: xcolor 2021/10/31 v2.13 LaTeX color extensions (UK)
 (/usr/local/texlive/2022/texmf-dist/tex/latex/graphics-cfg/color.cfg
File: color.cfg 2016/01/02 v1.6 sample color configuration
)
Package xcolor Info: Driver file: pdftex.def on input line 227.
Package xcolor Info: Model `cmy' substituted by `cmy0' on input line 1352.
Package xcolor Info: Model `hsb' substituted by `rgb' on input line 1356.
Package xcolor Info: Model `RGB' extended on input line 1368.
Package xcolor Info: Model `HTML' substituted by `rgb' on input line 1370.
Package xcolor Info: Model `Hsb' substituted by `hsb' on input line 1371.
Package xcolor Info: Model `tHsb' substituted by `hsb' on input line 1372.
Package xcolor Info: Model `HSB' substituted by `hsb' on input line 1373.
Package xcolor Info: Model `Gray' substituted by `gray' on input line 1374.
Package xcolor Info: Model `wave' substituted by `hsb' on input line 1375.
) (/usr/local/texlive/2022/texmf-dist/tex/latex/amsfonts/amsfonts.sty
Package: amsfonts 2013/01/14 v3.01 Basic AMSFonts support
\symAMSa=\mathgroup4
\symAMSb=\mathgroup5
LaTeX Font Info:    Redeclaring math symbol \hbar on input line 98.
LaTeX Font Info:    Overwriting math alphabet `\mathfrak' in version `bold'
(Font)                  U/euf/m/n --> U/euf/b/n on input line 106.
) (/usr/local/texlive/2022/texmf-dist/tex/latex/l3backend/l3backend-pdftex.def
File: l3backend-pdftex.def 2022-02-07 L3 backend support: PDF output (pdfTeX)
\l__color_backend_stack_int=\count281
\l__pdf_internal_box=\box52
) (./exercises5.aux)
\openout1 = `exercises5.aux'.

LaTeX Font Info:    Checking defaults for OML/cmm/m/it on input line 24.
LaTeX Font Info:    ... okay on input line 24.
LaTeX Font Info:    Checking defaults for OMS/cmsy/m/n on input line 24.
LaTeX Font Info:    ... okay on input line 24.
LaTeX Font Info:    Checking defaults for OT1/cmr/m/n on input line 24.
LaTeX Font Info:    ... okay on input line 24.
LaTeX Font Info:    Checking defaults for T1/cmr/m/n on input line 24.
LaTeX Font Info:    ... okay on input line 24.
LaTeX Font Info:    Checking defaults for TS1/cmr/m/n on input line 24.
LaTeX Font Info:    ... okay on input line 24.
LaTeX Font Info:    Checking defaults for OMX/cmex/m/n on input line 24.
LaTeX Font Info:    ... okay on input line 24.
LaTeX Font Info:    Checking defaults for U/cmr/m/n on input line 24.
LaTeX Font Info:    ... okay on input line 24.
LaTeX Font Info:    Checking defaults for PD1/pdf/m/n on input line 24.
LaTeX Font Info:    ... okay on input line 24.
LaTeX Font Info:    Checking defaults for PU/pdf/m/n on input line 24.
LaTeX Font Info:    ... okay on input line 24.
 (/usr/local/texlive/2022/texmf-dist/tex/context/base/mkii/supp-pdf.mkii
[Loading MPS to PDF converter (version 2006.09.02).]
\scratchcounter=\count282
\scratchdimen=\dimen154
\scratchbox=\box53
\nofMPsegments=\count283
\nofMParguments=\count284
\everyMPshowfont=\toks22
\MPscratchCnt=\count285
\MPscratchDim=\dimen155
\MPnumerator=\count286
\makeMPintoPDFobject=\count287
\everyMPtoPDFconversion=\toks23
) (/usr/local/texlive/2022/texmf-dist/tex/latex/epstopdf-pkg/epstopdf-base.sty
Package: epstopdf-base 2020-01-24 v2.11 Base part for package epstopdf
Package epstopdf-base Info: Redefining graphics rule for `.eps' on input line 485.
 (/usr/local/texlive/2022/texmf-dist/tex/latex/latexconfig/epstopdf-sys.cfg
File: epstopdf-sys.cfg 2010/07/13 v1.3 Configuration of (r)epstopdf for TeX Live
))
Package hyperref Info: Link coloring OFF on input line 24.
 (/usr/local/texlive/2022/texmf-dist/tex/latex/hyperref/nameref.sty
Package: nameref 2021-04-02 v2.47 Cross-referencing by name of section
 (/usr/local/texlive/2022/texmf-dist/tex/latex/refcount/refcount.sty
Package: refcount 2019/12/15 v3.6 Data extraction from label references (HO)
) (/usr/local/texlive/2022/texmf-dist/tex/generic/gettitlestring/gettitlestring.sty
Package: gettitlestring 2019/12/15 v1.6 Cleanup title references (HO)
)
\c@section@level=\count288
)
LaTeX Info: Redefining \ref on input line 24.
LaTeX Info: Redefining \pageref on input line 24.
LaTeX Info: Redefining \nameref on input line 24.
 (./exercises5.out) (./exercises5.out)
\@outlinefile=\write3
\openout3 = `exercises5.out'.

LaTeX Font Info:    Trying to load font information for U+msa on input line 27.
 (/usr/local/texlive/2022/texmf-dist/tex/latex/amsfonts/umsa.fd
File: umsa.fd 2013/01/14 v3.01 AMS symbols A
)
LaTeX Font Info:    Trying to load font information for U+msb on input line 27.
 (/usr/local/texlive/2022/texmf-dist/tex/latex/amsfonts/umsb.fd
File: umsb.fd 2013/01/14 v3.01 AMS symbols B
)

LaTeX Warning: No \author given.

[1

{/usr/local/texlive/2022/texmf-var/fonts/map/pdftex/updmap/pdftex.map}]
Overfull \hbox (9.07503pt too wide) in paragraph at lines 66--69
\OT1/cmr/m/n/10.95 The pseu-docode for Monte Carlo ES is in-ef-fi-cient be-cause, for each state{action
 []

[2] [3] [4]
<../images//env2_5_3_1_max.png, id=117, 462.528pt x 346.896pt>
File: ../images//env2_5_3_1_max.png Graphic file (type png)
<use ../images//env2_5_3_1_max.png>
Package pdftex.def Info: ../images//env2_5_3_1_max.png  used on input line 225.
(pdftex.def)             Requested size: 323.76738pt x 242.82553pt.
 [5]
<../images//env2_5_3_1_avg.png, id=126, 462.528pt x 346.896pt>
File: ../images//env2_5_3_1_avg.png Graphic file (type png)
<use ../images//env2_5_3_1_avg.png>
Package pdftex.def Info: ../images//env2_5_3_1_avg.png  used on input line 229.
(pdftex.def)             Requested size: 323.76738pt x 242.82553pt.
 [6 <../images//env2_5_3_1_max.png>]
<../images//env2_demo_e_5_12_3.png, id=135, 307.1475pt x 578.16pt>
File: ../images//env2_demo_e_5_12_3.png Graphic file (type png)
<use ../images//env2_demo_e_5_12_3.png>
Package pdftex.def Info: ../images//env2_demo_e_5_12_3.png  used on input line 233.
(pdftex.def)             Requested size: 215.00177pt x 404.70924pt.
 [7 <../images//env2_5_3_1_avg.png>]
<../images//env2_demo_e_5_12_6.png, id=142, 307.1475pt x 578.16pt>
File: ../images//env2_demo_e_5_12_6.png Graphic file (type png)
<use ../images//env2_demo_e_5_12_6.png>
Package pdftex.def Info: ../images//env2_demo_e_5_12_6.png  used on input line 237.
(pdftex.def)             Requested size: 215.00177pt x 404.70924pt.
 [8 <../images//env2_demo_e_5_12_3.png>]
<../images//env2_demo_e_5_12_8.png, id=148, 307.1475pt x 578.16pt>
File: ../images//env2_demo_e_5_12_8.png Graphic file (type png)
<use ../images//env2_demo_e_5_12_8.png>
Package pdftex.def Info: ../images//env2_demo_e_5_12_8.png  used on input line 241.
(pdftex.def)             Requested size: 215.00177pt x 404.70924pt.
 [9 <../images//env2_demo_e_5_12_6.png>]
<../images//env3_5_3_1_max.png, id=154, 462.528pt x 346.896pt>
File: ../images//env3_5_3_1_max.png Graphic file (type png)
<use ../images//env3_5_3_1_max.png>
Package pdftex.def Info: ../images//env3_5_3_1_max.png  used on input line 249.
(pdftex.def)             Requested size: 323.76738pt x 242.82553pt.
 [10 <../images//env2_demo_e_5_12_8.png>]
<../images//env3_5_3_1_avg.png, id=161, 462.528pt x 346.896pt>
File: ../images//env3_5_3_1_avg.png Graphic file (type png)
<use ../images//env3_5_3_1_avg.png>
Package pdftex.def Info: ../images//env3_5_3_1_avg.png  used on input line 253.
(pdftex.def)             Requested size: 323.76738pt x 242.82553pt.
<../images//env3_demo_e_5_12_0.png, id=162, 578.16pt x 542.025pt>
File: ../images//env3_demo_e_5_12_0.png Graphic file (type png)
<use ../images//env3_demo_e_5_12_0.png>
Package pdftex.def Info: ../images//env3_demo_e_5_12_0.png  used on input line 257.
(pdftex.def)             Requested size: 404.70924pt x 379.4149pt.

Overfull \hbox (61.70924pt too wide) in paragraph at lines 257--258
[][] 
 []

[11 <../images//env3_5_3_1_max.png> <../images//env3_5_3_1_avg.png>]
<../images//env3_demo_e_5_12_4.png, id=169, 578.16pt x 542.025pt>
File: ../images//env3_demo_e_5_12_4.png Graphic file (type png)
<use ../images//env3_demo_e_5_12_4.png>
Package pdftex.def Info: ../images//env3_demo_e_5_12_4.png  used on input line 261.
(pdftex.def)             Requested size: 404.70924pt x 379.4149pt.

Overfull \hbox (61.70924pt too wide) in paragraph at lines 261--262
[][] 
 []

[12 <../images//env3_demo_e_5_12_0.png>]
<../images//env3_demo_e_5_12_12.png, id=175, 578.16pt x 542.025pt>
File: ../images//env3_demo_e_5_12_12.png Graphic file (type png)
<use ../images//env3_demo_e_5_12_12.png>
Package pdftex.def Info: ../images//env3_demo_e_5_12_12.png  used on input line 266.
(pdftex.def)             Requested size: 404.70924pt x 379.4149pt.

Overfull \hbox (61.70924pt too wide) in paragraph at lines 266--267
[][] 
 []

[13 <../images//env3_demo_e_5_12_4.png>]
<../images//env3_demo_e_5_12_21.png, id=182, 578.16pt x 542.025pt>
File: ../images//env3_demo_e_5_12_21.png Graphic file (type png)
<use ../images//env3_demo_e_5_12_21.png>
Package pdftex.def Info: ../images//env3_demo_e_5_12_21.png  used on input line 270.
(pdftex.def)             Requested size: 404.70924pt x 379.4149pt.

Overfull \hbox (61.70924pt too wide) in paragraph at lines 270--271
[][] 
 []

[14 <../images//env3_demo_e_5_12_12.png>] [15 <../images//env3_demo_e_5_12_21.png>]
Overfull \hbox (1.75098pt too wide) detected at line 322
[][]\OML/cmm/m/it/10.95 V\OT1/cmr/m/n/10.95 (\OML/cmm/m/it/10.95 s\OT1/cmr/m/n/10.95 ) = []
 []


Overfull \hbox (19.11743pt too wide) detected at line 329
[][]\OML/cmm/m/it/10.95 Q\OT1/cmr/m/n/10.95 (\OML/cmm/m/it/10.95 s; a\OT1/cmr/m/n/10.95 ) = []
 []

[16]
Overfull \hbox (43.93338pt too wide) detected at line 341
[][]\OML/cmm/m/it/10.95 Q[] \OT1/cmr/m/n/10.95 = [] = [] = [] = []
 []


Overfull \hbox (31.95448pt too wide) detected at line 345
[][]\OML/cmm/m/it/10.95 Q[] \OT1/cmr/m/n/10.95 = [](\OML/cmm/m/it/10.95 Q[] [] B[] \OT1/cmr/m/n/10.95 + \OML/cmm/m/it/10.95 A[]\OT1/cmr/m/n/10.95 ) = [](\OML/cmm/m/it/10.95 Q[]\OT1/cmr/m/n/10.95 ([] \OML/cmm/m/it/10.95 B[] \OMS/cmsy/m/n/10.95 ^^@ \OML/cmm/m/it/10.95 B[]\OT1/cmr/m/n/10.95 ) + \OML/cmm/m/it/10.95 A[]\OT1/cmr/m/n/10.95 ) = [](\OML/cmm/m/it/10.95 Q[]\OT1/cmr/m/n/10.95 (\OML/cmm/m/it/10.95 C[] \OMS/cmsy/m/n/10.95 ^^@ \OML/cmm/m/it/10.95 B[]\OT1/cmr/m/n/10.95 ) + \OML/cmm/m/it/10.95 A[]\OT1/cmr/m/n/10.95 )
 []

[17]
Overfull \hbox (31.36107pt too wide) detected at line 407
[][]\OML/cmm/m/it/10.95 b[] \OT1/cmr/m/n/10.95 = \OML/cmm/m/it/10.95 ^^M[][] \OT1/cmr/m/n/10.95 + \OML/cmm/m/it/10.95 ^^M[][][] \OT1/cmr/m/n/10.95 + \OML/cmm/m/it/10.95 ^^M[][][][] \OT1/cmr/m/n/10.95 + []
 []

[18]
Overfull \hbox (1.12915pt too wide) detected at line 456
[][]\OML/cmm/m/it/10.95 a[] \OT1/cmr/m/n/10.95 = [](\OML/cmm/m/it/10.95 R[] \OMS/cmsy/m/n/10.95 ^^C \OT1/cmr/m/n/10.95 [1 + \OML/cmm/m/it/10.95 ^^M[] \OT1/cmr/m/n/10.95 + \OML/cmm/m/it/10.95 ^^M[][]\OT1/cmr/m/n/10.95 ] + \OML/cmm/m/it/10.95 ^^Ma[]\OT1/cmr/m/n/10.95 )
 []

[19] [20] (./exercises5.aux)
Package rerunfilecheck Info: File `exercises5.out' has not changed.
(rerunfilecheck)             Checksum: 95DB880377D1C65D77CA03338293C992;1604.
 ) 
Here is how much of TeX's memory you used:
 9575 strings out of 478268
 150276 string characters out of 5846346
 448099 words of memory out of 5000000
 27561 multiletter control sequences out of 15000+600000
 478303 words of font info for 62 fonts, out of 8000000 for 9000
 1141 hyphenation exceptions out of 8191
 60i,9n,63p,439b,338s stack positions out of 10000i,1000n,20000p,200000b,200000s
{/usr/local/texlive/2022/texmf-dist/fonts/enc/dvips/cm-super/cm-super-ts1.enc}</usr/local/texlive/2022/texmf-dist/fonts/type1/public/amsfonts/cm/cmbx10.pfb></usr/local/texlive/2022/texmf-dist/fonts/type1/public/amsfonts/cm/cmbx12.pfb></usr/local/texlive/2022/texmf-dist/fonts/type1/public/amsfonts/cm/cmex10.pfb></usr/local/texlive/2022/texmf-dist/fonts/type1/public/amsfonts/cmextra/cmex8.pfb></usr/local/texlive/2022/texmf-dist/fonts/type1/public/amsfonts/cm/cmmi10.pfb></usr/local/texlive/2022/texmf-dist/fonts/type1/public/amsfonts/cm/cmmi6.pfb></usr/local/texlive/2022/texmf-dist/fonts/type1/public/amsfonts/cm/cmmi8.pfb></usr/local/texlive/2022/texmf-dist/fonts/type1/public/amsfonts/cm/cmr10.pfb></usr/local/texlive/2022/texmf-dist/fonts/type1/public/amsfonts/cm/cmr12.pfb></usr/local/texlive/2022/texmf-dist/fonts/type1/public/amsfonts/cm/cmr17.pfb></usr/local/texlive/2022/texmf-dist/fonts/type1/public/amsfonts/cm/cmr6.pfb></usr/local/texlive/2022/texmf-dist/fonts/type1/public/amsfonts/cm/cmr8.pfb></usr/local/texlive/2022/texmf-dist/fonts/type1/public/amsfonts/cm/cmsy10.pfb></usr/local/texlive/2022/texmf-dist/fonts/type1/public/amsfonts/cm/cmsy6.pfb></usr/local/texlive/2022/texmf-dist/fonts/type1/public/amsfonts/cm/cmsy8.pfb></usr/local/texlive/2022/texmf-dist/fonts/type1/public/amsfonts/cm/cmti10.pfb></usr/local/texlive/2022/texmf-dist/fonts/type1/public/cm-super/sfrm1095.pfb>
Output written on exercises5.pdf (20 pages, 427225 bytes).
PDF statistics:
 362 PDF objects out of 1000 (max. 8388607)
 281 compressed objects within 3 object streams
 108 named destinations out of 1000 (max. 500000)
 184 words of extra memory for PDF output out of 10000 (max. 10000000)

